2015-11-10 13:27:18,229 - log_manager - INFO - linear regression Explained variance score: -0.01
2015-11-10 13:27:18,229 - log_manager - INFO - MSE: 2.39397795199, MAE: 1.2710585872, Pearson_r: (0.033811002556307826, 0.32770027780103228), R2: -50.0558100043, Spearman_r: (0.062258533434119426, 0.071311840366889909), sqrt_MSE: 1.5472485100954265
2015-11-10 13:27:18,274 - log_manager - INFO - linear regression Explained variance score: -0.00
2015-11-10 13:27:18,275 - log_manager - INFO - MSE: 2.37306644971, MAE: 1.27014564704, Pearson_r: (0.0093456071947620352, 0.78680331513833868), R2: -423.20752895, Spearman_r: (0.036405970327774921, 0.2919179808880647), sqrt_MSE: 1.540476046456459
2015-11-10 13:27:18,321 - log_manager - INFO - linear regression Explained variance score: -0.00
2015-11-10 13:27:18,322 - log_manager - INFO - MSE: 2.37332667143, MAE: 1.27045805645, Pearson_r: (-0.00013448782629223223, 0.99689462260683714), R2: -644.434344708, Spearman_r: (0.024687544843750294, 0.47488316214138504), sqrt_MSE: 1.5405605056037373
2015-11-10 13:27:19,243 - log_manager - INFO - linear regression Explained variance score: -0.02
2015-11-10 13:27:19,244 - log_manager - INFO - MSE: 2.4184852973, MAE: 1.25354039004, Pearson_r: (0.0016998503342113079, 0.96076547735842843), R2: -506.480598398, Spearman_r: (0.038670922542829354, 0.26291000425670896), sqrt_MSE: 1.5551479985204195
2015-11-10 13:27:19,539 - log_manager - INFO - linear regression Explained variance score: -0.21
2015-11-10 13:27:19,540 - log_manager - INFO - MSE: 2.86612910699, MAE: 1.38079184576, Pearson_r: (0.00013150289320255635, 0.99696354555883793), R2: -4.77029662415, Spearman_r: (-0.0024808065719803337, 0.94276612831162643), sqrt_MSE: 1.6929645911816924
2015-11-10 13:32:38,710 - log_manager - INFO - linear regression Explained variance score: -0.01
2015-11-10 13:32:38,710 - log_manager - INFO - MSE: 2.39397795199, MAE: 1.2710585872, Pearson_r: (0.033811002556307743, 0.32770027780103228), R2: -50.0558100043, Spearman_r: (0.062258533434119426, 0.071311840366889909), sqrt_MSE: 1.5472485100954267
2015-11-10 13:32:38,719 - log_manager - INFO - linear regression Explained variance score: -0.00
2015-11-10 13:32:38,719 - log_manager - INFO - MSE: 2.37306644971, MAE: 1.27014564704, Pearson_r: (0.0093456071947621896, 0.78680331513833868), R2: -423.20752895, Spearman_r: (0.036405970327774921, 0.2919179808880647), sqrt_MSE: 1.540476046456459
2015-11-10 13:32:38,742 - log_manager - INFO - linear regression Explained variance score: -0.00
2015-11-10 13:32:38,742 - log_manager - INFO - MSE: 2.37332667143, MAE: 1.27045805645, Pearson_r: (-0.0001344878262920863, 0.99689462260683714), R2: -644.434344708, Spearman_r: (0.024687544843750294, 0.47488316214138504), sqrt_MSE: 1.540560505603737
2015-11-10 13:32:39,656 - log_manager - INFO - linear regression Explained variance score: -0.02
2015-11-10 13:32:39,656 - log_manager - INFO - MSE: 2.4184852973, MAE: 1.25354039004, Pearson_r: (0.001699850334211304, 0.96076547735842843), R2: -506.480598398, Spearman_r: (0.038670922542829354, 0.26291000425670896), sqrt_MSE: 1.5551479985204195
2015-11-10 13:32:39,952 - log_manager - INFO - linear regression Explained variance score: -0.21
2015-11-10 13:32:39,952 - log_manager - INFO - MSE: 2.86612910699, MAE: 1.38079184576, Pearson_r: (0.00013150289320258072, 0.99696354555883793), R2: -4.77029662415, Spearman_r: (-0.0024808065719803337, 0.94276612831162643), sqrt_MSE: 1.6929645911816924
2015-11-10 13:45:23,037 - log_manager - INFO - linear regression Explained variance score: 0.03
2015-11-10 13:45:23,037 - log_manager - INFO - MSE: 2.30044575139, MAE: 1.24309808262, Pearson_r: (0.17437583283169591, 3.6689840282934691e-07), R2: -21.2117820246, Spearman_r: (0.15591693104489199, 5.6263421940117545e-06), sqrt_MSE: 1.516722041572892
2015-11-10 13:45:23,046 - log_manager - INFO - linear regression Explained variance score: 0.02
2015-11-10 13:45:23,046 - log_manager - INFO - MSE: 2.31061237444, MAE: 1.25000841086, Pearson_r: (0.16679743062262192, 1.1670995965601211e-06), R2: -75.4921246698, Spearman_r: (0.15994069841333367, 3.1830439086733602e-06), sqrt_MSE: 1.5200698584090127
2015-11-10 13:45:23,068 - log_manager - INFO - linear regression Explained variance score: 0.03
2015-11-10 13:45:23,068 - log_manager - INFO - MSE: 2.29721652307, MAE: 1.24451989504, Pearson_r: (0.17730580718219988, 2.3136436651995629e-07), R2: -43.2927661809, Spearman_r: (0.16704861575325242, 1.1240987126941803e-06), sqrt_MSE: 1.5156571258258125
2015-11-10 13:45:23,994 - log_manager - INFO - linear regression Explained variance score: -0.01
2015-11-10 13:45:23,995 - log_manager - INFO - MSE: 2.3850435198, MAE: 1.23329211832, Pearson_r: (0.12087262053933111, 0.00044661807151102255), R2: -55.1125812659, Spearman_r: (0.13756231533236762, 6.3334827567653362e-05), sqrt_MSE: 1.5443586111394785
2015-11-10 13:45:24,355 - log_manager - INFO - linear regression Explained variance score: -0.15
2015-11-10 13:45:24,356 - log_manager - INFO - MSE: 2.72811680797, MAE: 1.33169634915, Pearson_r: (0.082576368038222561, 0.016674113090552667), R2: -3.99728857955, Spearman_r: (0.083675381629951667, 0.015275238932987028), sqrt_MSE: 1.651701186042302
2015-11-10 13:47:20,239 - log_manager - INFO - linear regression Explained variance score: 0.06
2015-11-10 13:47:20,239 - log_manager - INFO - MSE: 2.22172593988, MAE: 1.20107621453, Pearson_r: (0.25993712314078199, 1.9417149226267563e-14), R2: -7.52148405359, Spearman_r: (0.26774226385402283, 2.9525339565970236e-15), sqrt_MSE: 1.4905455175461355
2015-11-10 13:47:20,247 - log_manager - INFO - linear regression Explained variance score: 0.07
2015-11-10 13:47:20,248 - log_manager - INFO - MSE: 2.20575287289, MAE: 1.19738204158, Pearson_r: (0.26471332924790075, 6.1779635152324655e-15), R2: -9.69552971735, Spearman_r: (0.27152077807309355, 1.1599514397202249e-15), sqrt_MSE: 1.4851777243441509
2015-11-10 13:47:20,268 - log_manager - INFO - linear regression Explained variance score: 0.07
2015-11-10 13:47:20,268 - log_manager - INFO - MSE: 2.20498219034, MAE: 1.19741845795, Pearson_r: (0.26489706601216739, 5.9089589271164474e-15), R2: -9.97636951511, Spearman_r: (0.27101102690367745, 1.3169017105443289e-15), sqrt_MSE: 1.4849182436552866
2015-11-10 13:47:21,231 - log_manager - INFO - linear regression Explained variance score: 0.04
2015-11-10 13:47:21,232 - log_manager - INFO - MSE: 2.28453805379, MAE: 1.17249653776, Pearson_r: (0.2512240572488989, 1.4777610547871338e-13), R2: -8.47831770442, Spearman_r: (0.28721388182619145, 2.0416401902608426e-17), sqrt_MSE: 1.5114688398333613
2015-11-10 13:47:21,618 - log_manager - INFO - linear regression Explained variance score: -0.01
2015-11-10 13:47:21,618 - log_manager - INFO - MSE: 2.38255541794, MAE: 1.24074322255, Pearson_r: (0.25720491023825792, 3.6996270159111203e-14), R2: -2.6568437505, Spearman_r: (0.21143903084734683, 6.0522560924085217e-10), sqrt_MSE: 1.5435528555699618

2015-11-10 14:40:17,360 - log_manager - INFO - linear regression Explained variance score: 0.11
2015-11-10 14:40:17,360 - log_manager - INFO - MSE: 2.10841825869, MAE: 1.18143388128, Pearson_r: (0.3325777916124647, 3.8396706357616205e-23), R2: -6.26190731649, Spearman_r: (0.31653559355300903, 5.2901149431984005e-21), sqrt_MSE: 1.4520393447466722
2015-11-10 14:40:17,368 - log_manager - INFO - linear regression Explained variance score: 0.11
2015-11-10 14:40:17,368 - log_manager - INFO - MSE: 2.10415815667, MAE: 1.18056946948, Pearson_r: (0.33489391334995589, 1.8397813271900334e-23), R2: -7.31627638527, Spearman_r: (0.31859451125572141, 2.85802086367192e-21), sqrt_MSE: 1.4505716654713618
2015-11-10 14:40:17,387 - log_manager - INFO - linear regression Explained variance score: 0.11
2015-11-10 14:40:17,387 - log_manager - INFO - MSE: 2.10365405817, MAE: 1.18054781757, Pearson_r: (0.33607893859534638, 1.259579553300078e-23), R2: -8.21064570413, Spearman_r: (0.31973237815421868, 2.0295084511897111e-21), sqrt_MSE: 1.4503978964981736
2015-11-10 14:40:18,344 - log_manager - INFO - linear regression Explained variance score: 0.08
2015-11-10 14:40:18,344 - log_manager - INFO - MSE: 2.17412420502, MAE: 1.15587568469, Pearson_r: (0.32657723241826075, 2.5089665382839259e-22), R2: -7.21115752406, Spearman_r: (0.32884035487065316, 1.2421408070336044e-22), sqrt_MSE: 1.4744911681715926
2015-11-10 14:40:18,750 - log_manager - INFO - linear regression Explained variance score: 0.02
2015-11-10 14:40:18,750 - log_manager - INFO - MSE: 2.33188613824, MAE: 1.20912785162, Pearson_r: (0.28709050462740615, 2.1096629774546641e-17), R2: -2.31407619557, Spearman_r: (0.24954956421807067, 2.1637262409033404e-13), sqrt_MSE: 1.527051452387
